<?xml version="1.0" encoding="UTF-8"?>
<!-- Generated by org.testng.reporters.JUnitReportReporter -->
<testsuite hostname="sapc042" name="pkmn.go.eggChartSearchTest" tests="2" failures="0" timestamp="19 Jul 2016 15:11:14 GMT" time="11.545" errors="0">
  <testcase name="test" time="6.321" classname="pkmn.go.eggChartSearchTest"/>
  <testcase name="test" time="5.224" classname="pkmn.go.eggChartSearchTest"/>
</testsuite> <!-- pkmn.go.eggChartSearchTest -->
